#
# A fatal error has been detected by the Java Runtime Environment:
#
#  Internal Error (classFileParser.cpp:3375), pid=7664, tid=1600
#  Error: ShouldNotReachHere()
#
# JRE version: 6.0_24-b07
# Java VM: Java HotSpot(TM) Client VM (19.1-b02 mixed mode windows-x86 )
# If you would like to submit a bug report, please visit:
#   http://java.sun.com/webapps/bugreport/crash.jsp
#

---------------  T H R E A D  ---------------

Current thread (0x01d99800):  JavaThread "Unknown thread" [_thread_in_vm, id=1600, stack(0x001b0000,0x00200000)]

Stack: [0x001b0000,0x00200000],  sp=0x001ff87c,  free space=318k
Native frames: (J=compiled Java code, j=interpreted, Vv=VM code, C=native code)
V  [jvm.dll+0x1fa487]
V  [jvm.dll+0xa337b]
V  [jvm.dll+0x747c8]
V  [jvm.dll+0x75fef]
V  [jvm.dll+0x1c9fc5]
V  [jvm.dll+0x1ca826]
V  [jvm.dll+0x1cabd5]
V  [jvm.dll+0x1cac69]
V  [jvm.dll+0x1cad2c]
V  [jvm.dll+0x1cadaa]
V  [jvm.dll+0x1cae8d]
V  [jvm.dll+0x1cb132]
V  [jvm.dll+0x1ea453]
V  [jvm.dll+0x1ea82c]
V  [jvm.dll+0xd9b4c]
V  [jvm.dll+0x1e3b96]
V  [jvm.dll+0x1033b0]
C  [javaw.exe+0x1657]
C  [javaw.exe+0x1e2c]
C  [javaw.exe+0x8614]
C  [kernel32.dll+0x51114]
C  [ntdll.dll+0x5b429]
C  [ntdll.dll+0x5b3fc]


---------------  P R O C E S S  ---------------

Java Threads: ( => current thread )

Other Threads:

=>0x01d99800 (exited) JavaThread "Unknown thread" [_thread_in_vm, id=1600, stack(0x001b0000,0x00200000)]

VM state:not at safepoint (not fully initialized)

VM Mutex/Monitor currently owned by a thread: None

Dynamic libraries:
0x00400000 - 0x00424000 	C:\Program Files\Java\jre1.6.0_24\bin\javaw.exe
0x772c0000 - 0x773fd000 	C:\Windows\SYSTEM32\ntdll.dll
0x75820000 - 0x758f4000 	C:\Windows\system32\kernel32.dll
0x755d0000 - 0x7561a000 	C:\Windows\system32\KERNELBASE.dll
0x64d00000 - 0x64d34000 	C:\Program Files\Alwil Software\Avast5\snxhk.dll
0x76d80000 - 0x76e20000 	C:\Windows\system32\ADVAPI32.dll
0x77440000 - 0x774ec000 	C:\Windows\system32\msvcrt.dll
0x75760000 - 0x75779000 	C:\Windows\SYSTEM32\sechost.dll
0x76a30000 - 0x76ad1000 	C:\Windows\system32\RPCRT4.dll
0x76af0000 - 0x76bb9000 	C:\Windows\system32\USER32.dll
0x76e20000 - 0x76e6e000 	C:\Windows\system32\GDI32.dll
0x77180000 - 0x7718a000 	C:\Windows\system32\LPK.dll
0x75780000 - 0x7581d000 	C:\Windows\system32\USP10.dll
0x77190000 - 0x771af000 	C:\Windows\system32\IMM32.DLL
0x76e70000 - 0x76f3c000 	C:\Windows\system32\MSCTF.dll
0x7c340000 - 0x7c396000 	C:\Program Files\Java\jre1.6.0_24\bin\msvcr71.dll
0x6d7f0000 - 0x6da96000 	C:\Program Files\Java\jre1.6.0_24\bin\client\jvm.dll
0x73940000 - 0x73972000 	C:\Windows\system32\WINMM.dll
0x75390000 - 0x753db000 	C:\Windows\system32\apphelp.dll
0x6d7a0000 - 0x6d7ac000 	C:\Program Files\Java\jre1.6.0_24\bin\verify.dll
0x6d320000 - 0x6d33f000 	C:\Program Files\Java\jre1.6.0_24\bin\java.dll
0x6d280000 - 0x6d288000 	C:\Program Files\Java\jre1.6.0_24\bin\hpi.dll
0x76ae0000 - 0x76ae5000 	C:\Windows\system32\PSAPI.DLL
0x6d7e0000 - 0x6d7ef000 	C:\Program Files\Java\jre1.6.0_24\bin\zip.dll

VM Arguments:
jvm_args: -Dfile.encoding=UTF-8 -Xbootclasspath:C:\Program Files\Android\android-sdk-windows\platforms\android-8\android.jar 
java_command: org.eclipse.jdt.internal.junit.runner.RemoteTestRunner -version 3 -port 55532 -testLoaderClass org.eclipse.jdt.internal.junit.runner.junit3.JUnit3TestLoader -loaderpluginname org.eclipse.jdt.junit.runtime -test com.lupeng.android.apps.junit.AndroidTester:testDo
Launcher Type: SUN_STANDARD

Environment Variables:
JAVA_HOME=C:\Program Files\Java\jdk1.6.0_24
CLASSPATH=.;C:\Program Files\Java\jdk1.6.0_24\lib\dt.jar;C:\Program Files\Java\jdk1.6.0_24\lib\tools.jar
PATH=C:/Program Files/Genuitec/Common/binary/com.sun.java.jdk.win32.x86_1.6.0.013/jre/bin/client;C:/Program Files/Genuitec/Common/binary/com.sun.java.jdk.win32.x86_1.6.0.013/jre/bin;C:\Program Files\Common Files\Microsoft Shared\Windows Live;C:\Windows\system32;C:\Windows;C:\Windows\System32\Wbem;C:\Windows\System32\WindowsPowerShell\v1.0\;C:\Program Files\ThinkPad\Bluetooth Software\;C:\Program Files\Intel\WiFi\bin\;C:\Program Files\Common Files\Intel\WirelessCommon\;C:\Program Files\Common Files\Lenovo;C:\Program Files\Common Files\Ulead Systems\MPEG;C:\Program Files\Lenovo\Access Connections\;C:\Program Files\Windows Live\Shared;C:\Program Files\Lenovo\Client Security Solution;C:\Program Files\Common Files\Thunder Network\KanKan\Codecs;C:\Program Files\Java\jdk1.6.0_24\bin;C:\Program Files\Java\jdk1.6.0_24\jre\bin;C:\Program Files\Android\android-sdk-windows\tools;C:\Program Files\Android\android-sdk-windows\platform-tools;
USERNAME=think
OS=Windows_NT
PROCESSOR_IDENTIFIER=x86 Family 6 Model 37 Stepping 5, GenuineIntel



---------------  S Y S T E M  ---------------

OS: Windows 7 Build 7600 

CPU:total 4 (2 cores per cpu, 2 threads per core) family 6 model 37 stepping 5, cmov, cx8, fxsr, mmx, sse, sse2, sse3, ssse3, sse4.1, sse4.2, popcnt, ht

Memory: 4k page, physical 3067568k(1356384k free), swap 6133372k(4242944k free)

vm_info: Java HotSpot(TM) Client VM (19.1-b02) for windows-x86 JRE (1.6.0_24-b07), built on Feb  2 2011 17:44:41 by "java_re" with MS VC++ 7.1 (VS2003)

time: Mon Aug 08 22:19:35 2011
elapsed time: 0 seconds

